<?xml version="1.0" encoding="UTF-8"?>
<testng-results ignored="0" total="3" passed="3" failed="0" skipped="0">
  <reporter-output>
  </reporter-output>
  <suite started-at="2023-07-05T20:33:47 IST" name="Default suite" finished-at="2023-07-05T20:33:50 IST" duration-ms="3070">
    <groups>
    </groups>
    <test started-at="2023-07-05T20:33:47 IST" name="Default test" finished-at="2023-07-05T20:33:50 IST" duration-ms="3070">
      <class name="Tests.PUT_PATCH_DELETE_Example">
        <test-method signature="TestDelete()[pri:0, instance:Tests.PUT_PATCH_DELETE_Example@41fecb8b]" started-at="2023-07-05T20:33:47 IST" name="TestDelete" finished-at="2023-07-05T20:33:49 IST" duration-ms="2064" status="PASS">
          <reporter-output>
          </reporter-output>
        </test-method> <!-- TestDelete -->
        <test-method signature="TestPatch()[pri:0, instance:Tests.PUT_PATCH_DELETE_Example@41fecb8b]" started-at="2023-07-05T20:33:49 IST" name="TestPatch" finished-at="2023-07-05T20:33:49 IST" duration-ms="518" status="PASS">
          <reporter-output>
          </reporter-output>
        </test-method> <!-- TestPatch -->
        <test-method signature="TestPut()[pri:0, instance:Tests.PUT_PATCH_DELETE_Example@41fecb8b]" started-at="2023-07-05T20:33:49 IST" name="TestPut" finished-at="2023-07-05T20:33:50 IST" duration-ms="443" status="PASS">
          <reporter-output>
          </reporter-output>
        </test-method> <!-- TestPut -->
      </class> <!-- Tests.PUT_PATCH_DELETE_Example -->
    </test> <!-- Default test -->
  </suite> <!-- Default suite -->
</testng-results>
