<?xml version="1.0" encoding="UTF-8"?>
<!-- Generated by org.testng.reporters.JUnitXMLReporter -->
<testsuite ignored="0" hostname="DESKTOP-GI6UN8V" failures="0" tests="3" name="Default test" time="3.07" errors="0" timestamp="2023-07-05T20:33:50 IST">
  <testcase classname="Tests.PUT_PATCH_DELETE_Example" name="TestDelete" time="2.064"/>
  <testcase classname="Tests.PUT_PATCH_DELETE_Example" name="TestPatch" time="0.518"/>
  <testcase classname="Tests.PUT_PATCH_DELETE_Example" name="TestPut" time="0.443"/>
</testsuite> <!-- Default test -->
